<?xml version="1.0" encoding="UTF-8"?>
<testng-results skipped="0" failed="0" ignored="0" total="1" passed="1">
  <reporter-output>
  </reporter-output>
  <suite name="Default suite" duration-ms="27568" started-at="2022-07-22T15:39:23 IST" finished-at="2022-07-22T15:39:50 IST">
    <groups>
    </groups>
    <test name="Default test" duration-ms="27568" started-at="2022-07-22T15:39:23 IST" finished-at="2022-07-22T15:39:50 IST">
      <class name="lighthouse.com.lighthouse.AppTest">
        <test-method status="PASS" signature="testing()[pri:0, instance:lighthouse.com.lighthouse.AppTest@6ebc05a6]" name="testing" duration-ms="27540" started-at="2022-07-22T15:39:23 IST" finished-at="2022-07-22T15:39:50 IST">
          <reporter-output>
          </reporter-output>
        </test-method> <!-- testing -->
      </class> <!-- lighthouse.com.lighthouse.AppTest -->
    </test> <!-- Default test -->
  </suite> <!-- Default suite -->
</testng-results>
